
bb_init()

bb_getattr(path="/.Trash", statbuf=0x44602d40)
    bb_fullpath:  rootdir = "/home/sanket/src/fuse-tutorial/example/rootdir", path = "/.Trash", fpath = "/home/sanket/src/fuse-tutorial/example/rootdir/.Trash"
    ERROR bb_getattr lstat: No such file or directory
    st_dev = 0
    st_ino = 0
    st_mode = 00
    st_nlink = 0
    st_uid = 0
    st_gid = 0
    st_rdev = 0
    st_size = 0
    st_blksize = 0
    st_blocks = 0
    st_atime = 0x00000000
    st_mtime = 0x00000000
    st_ctime = 0x00000000

bb_getattr(path="/BDMV", statbuf=0x43e01d40)
    bb_fullpath:  rootdir = "/home/sanket/src/fuse-tutorial/example/rootdir", path = "/BDMV", fpath = "/home/sanket/src/fuse-tutorial/example/rootdir/BDMV"
    ERROR bb_getattr lstat: No such file or directory
    st_dev = 0
    st_ino = 0
    st_mode = 00
    st_nlink = 0
    st_uid = 0
    st_gid = 0
    st_rdev = 0
    st_size = 0
    st_blksize = 0
    st_blocks = 0
    st_atime = 0x00000000
    st_mtime = 0x00000000
    st_ctime = 0x00000000

bb_getattr(path="/.xdg-volume-info", statbuf=0x44602d40)
    bb_fullpath:  rootdir = "/home/sanket/src/fuse-tutorial/example/rootdir", path = "/.xdg-volume-info", fpath = "/home/sanket/src/fuse-tutorial/example/rootdir/.xdg-volume-info"
    ERROR bb_getattr lstat: No such file or directory
    st_dev = 0
    st_ino = 0
    st_mode = 00
    st_nlink = 0
    st_uid = 0
    st_gid = 0
    st_rdev = 0
    st_size = 0
    st_blksize = 0
    st_blocks = 0
    st_atime = 0x00000000
    st_mtime = 0x00000000
    st_ctime = 0x00000000

bb_getattr(path="/autorun.inf", statbuf=0x43e01d40)
    bb_fullpath:  rootdir = "/home/sanket/src/fuse-tutorial/example/rootdir", path = "/autorun.inf", fpath = "/home/sanket/src/fuse-tutorial/example/rootdir/autorun.inf"
    ERROR bb_getattr lstat: No such file or directory
    st_dev = 0
    st_ino = 0
    st_mode = 00
    st_nlink = 0
    st_uid = 0
    st_gid = 0
    st_rdev = 0
    st_size = 0
    st_blksize = 0
    st_blocks = 0
    st_atime = 0x00000000
    st_mtime = 0x00000000
    st_ctime = 0x00000000

bb_getattr(path="/.Trash-1000", statbuf=0x44602d40)
    bb_fullpath:  rootdir = "/home/sanket/src/fuse-tutorial/example/rootdir", path = "/.Trash-1000", fpath = "/home/sanket/src/fuse-tutorial/example/rootdir/.Trash-1000"
    ERROR bb_getattr lstat: No such file or directory
    st_dev = 0
    st_ino = 0
    st_mode = 00
    st_nlink = 0
    st_uid = 0
    st_gid = 0
    st_rdev = 0
    st_size = 0
    st_blksize = 0
    st_blocks = 0
    st_atime = 0x00000000
    st_mtime = 0x00000000
    st_ctime = 0x00000000

bb_opendir(path="/", fi=0x43e01d80)
    bb_fullpath:  rootdir = "/home/sanket/src/fuse-tutorial/example/rootdir", path = "/", fpath = "/home/sanket/src/fuse-tutorial/example/rootdir/"
    flags = 0x00098800
    fh_old = 0x00000000
    writepage = 0
    direct_io = 0
    keep_cache = 0
    fh = 0x0000000002378de0
    lock_owner = 0x0000000000000000

bb_readdir(path="/", buf=0x02378c50, filler=0x44fbcb60, offset=0, fi=0x44602d80)
calling filler with name .
calling filler with name bogus.txt
calling filler with name ..
calling filler with name new_dir
    flags = 0x00000000
    fh_old = 0x02378de0
    writepage = 0
    direct_io = 0
    keep_cache = 0
    fh = 0x0000000002378de0
    lock_owner = 0x0000000000000000

bb_getattr(path="/bogus.txt", statbuf=0x44602d40)
    bb_fullpath:  rootdir = "/home/sanket/src/fuse-tutorial/example/rootdir", path = "/bogus.txt", fpath = "/home/sanket/src/fuse-tutorial/example/rootdir/bogus.txt"
    st_dev = 2053
    st_ino = 2366734
    st_mode = 0100644
    st_nlink = 1
    st_uid = 1000
    st_gid = 1000
    st_rdev = 0
    st_size = 13
    st_blksize = 4096
    st_blocks = 8
    st_atime = 0x4d6e1e5c
    st_mtime = 0x4d2f3488
    st_ctime = 0x4d6e1942

bb_getattr(path="/new_dir", statbuf=0x43e01d40)
    bb_fullpath:  rootdir = "/home/sanket/src/fuse-tutorial/example/rootdir", path = "/new_dir", fpath = "/home/sanket/src/fuse-tutorial/example/rootdir/new_dir"
    st_dev = 2053
    st_ino = 2367702
    st_mode = 040755
    st_nlink = 2
    st_uid = 1000
    st_gid = 1000
    st_rdev = 0
    st_size = 4096
    st_blksize = 4096
    st_blocks = 8
    st_atime = 0x4d6f2892
    st_mtime = 0x4d6e1f6a
    st_ctime = 0x4d6e1f6a

bb_releasedir(path="/", fi=0x43e01d80)
    flags = 0x00000000
    fh_old = 0x02378de0
    writepage = 0
    direct_io = 0
    keep_cache = 0
    fh = 0x0000000002378de0
    lock_owner = 0x0000000000000000

bb_opendir(path="/", fi=0x44602d80)
    bb_fullpath:  rootdir = "/home/sanket/src/fuse-tutorial/example/rootdir", path = "/", fpath = "/home/sanket/src/fuse-tutorial/example/rootdir/"
    flags = 0x00098800
    fh_old = 0x00000000
    writepage = 0
    direct_io = 0
    keep_cache = 0
    fh = 0x0000000002378e70
    lock_owner = 0x0000000000000000

bb_readdir(path="/", buf=0x02378c50, filler=0x44fbcb60, offset=0, fi=0x43e01d80)
calling filler with name .
calling filler with name bogus.txt
calling filler with name ..
calling filler with name new_dir
    flags = 0x00000000
    fh_old = 0x02378e70
    writepage = 0
    direct_io = 0
    keep_cache = 0
    fh = 0x0000000002378e70
    lock_owner = 0x0000000000000000

bb_releasedir(path="/", fi=0x43e01d80)
    flags = 0x00000000
    fh_old = 0x02378e70
    writepage = 0
    direct_io = 0
    keep_cache = 0

bb_opendir(path="/", fi=0x43600d80)
    bb_fullpath:  rootdir = "/home/sanket/src/fuse-tutorial/example/rootdir", path = "/", fpath = "/home/sanket/src/fuse-tutorial/example/rootdir/"
    fh = 0x0000000002378e70
    lock_owner = 0x0000000000000000
    flags = 0x00098800
    fh_old = 0x00000000
    writepage = 0
    direct_io = 0
    keep_cache = 0
    fh = 0x00000000023818d0
    lock_owner = 0x0000000000000000

bb_readdir(path="/", buf=0x02380f30, filler=0x44fbcb60, offset=0, fi=0x44602d80)
calling filler with name .
calling filler with name bogus.txt
calling filler with name ..
calling filler with name new_dir
    flags = 0x00000000
    fh_old = 0x023818d0
    writepage = 0
    direct_io = 0
    keep_cache = 0
    fh = 0x00000000023818d0
    lock_owner = 0x0000000000000000

bb_releasedir(path="/", fi=0x44602d80)
    flags = 0x00000000
    fh_old = 0x023818d0
    writepage = 0
    direct_io = 0
    keep_cache = 0
    fh = 0x00000000023818d0
    lock_owner = 0x0000000000000000

bb_opendir(path="/", fi=0x43e01d80)
    bb_fullpath:  rootdir = "/home/sanket/src/fuse-tutorial/example/rootdir", path = "/", fpath = "/home/sanket/src/fuse-tutorial/example/rootdir/"
    flags = 0x00098800
    fh_old = 0x00000000
    writepage = 0
    direct_io = 0
    keep_cache = 0
    fh = 0x0000000002378c50
    lock_owner = 0x0000000000000000

bb_readdir(path="/", buf=0x02380f30, filler=0x44fbcb60, offset=0, fi=0x43600d80)
calling filler with name .
calling filler with name bogus.txt
calling filler with name ..
calling filler with name new_dir
    flags = 0x00000000
    fh_old = 0x02378c50
    writepage = 0
    direct_io = 0
    keep_cache = 0
    fh = 0x0000000002378c50
    lock_owner = 0x0000000000000000

bb_releasedir(path="/", fi=0x43600d80)
    flags = 0x00000000
    fh_old = 0x02378c50

bb_opendir(path="/", fi=0x44602d80)
    bb_fullpath:  rootdir = "/home/sanket/src/fuse-tutorial/example/rootdir", path = "/", fpath = "/home/sanket/src/fuse-tutorial/example/rootdir/"
    writepage = 0
    direct_io = 0
    keep_cache = 0
    fh = 0x0000000002378c50
    lock_owner = 0x0000000000000000
    flags = 0x00098800
    fh_old = 0x00000000
    writepage = 0
    direct_io = 0
    keep_cache = 0
    fh = 0x00000000023818d0
    lock_owner = 0x0000000000000000

bb_readdir(path="/", buf=0x02380e20, filler=0x44fbcb60, offset=0, fi=0x43e01d80)
calling filler with name .
calling filler with name bogus.txt
calling filler with name ..
calling filler with name new_dir
    flags = 0x00000000
    fh_old = 0x023818d0
    writepage = 0
    direct_io = 0
    keep_cache = 0
    fh = 0x00000000023818d0
    lock_owner = 0x0000000000000000

bb_releasedir(path="/", fi=0x43e01d80)
    flags = 0x00000000
    fh_old = 0x023818d0
    writepage = 0
    direct_io = 0
    keep_cache = 0
    fh = 0x00000000023818d0
    lock_owner = 0x0000000000000000

bb_opendir(path="/", fi=0x43600d80)
    bb_fullpath:  rootdir = "/home/sanket/src/fuse-tutorial/example/rootdir", path = "/", fpath = "/home/sanket/src/fuse-tutorial/example/rootdir/"
    flags = 0x00098800
    fh_old = 0x00000000
    writepage = 0
    direct_io = 0
    keep_cache = 0
    fh = 0x0000000002378c50
    lock_owner = 0x0000000000000000

bb_readdir(path="/", buf=0x02380e20, filler=0x44fbcb60, offset=0, fi=0x44602d80)
calling filler with name .
calling filler with name bogus.txt
calling filler with name ..
calling filler with name new_dir
    flags = 0x00000000
    fh_old = 0x02378c50
    writepage = 0
    direct_io = 0
    keep_cache = 0
    fh = 0x0000000002378c50
    lock_owner = 0x0000000000000000

bb_releasedir(path="/", fi=0x44602d80)
    flags = 0x00000000
    fh_old = 0x02378c50
    writepage = 0
    direct_io = 0
    keep_cache = 0
    fh = 0x0000000002378c50
    lock_owner = 0x0000000000000000

bb_opendir(path="/", fi=0x43e01d80)
    bb_fullpath:  rootdir = "/home/sanket/src/fuse-tutorial/example/rootdir", path = "/", fpath = "/home/sanket/src/fuse-tutorial/example/rootdir/"
    flags = 0x00098800
    fh_old = 0x00000000
    writepage = 0
    direct_io = 0
    keep_cache = 0
    fh = 0x0000000002378c50
    lock_owner = 0x0000000000000000

bb_readdir(path="/", buf=0x02380e20, filler=0x44fbcb60, offset=0, fi=0x43600d80)
calling filler with name .
calling filler with name bogus.txt
calling filler with name ..
calling filler with name new_dir
    flags = 0x00000000
    fh_old = 0x02378c50
    writepage = 0
    direct_io = 0
    keep_cache = 0
    fh = 0x0000000002378c50
    lock_owner = 0x0000000000000000

bb_releasedir(path="/", fi=0x43600d80)
    flags = 0x00000000

bb_opendir(path="/", fi=0x44602d80)
    bb_fullpath:  rootdir = "/home/sanket/src/fuse-tutorial/example/rootdir", path = "/", fpath = "/home/sanket/src/fuse-tutorial/example/rootdir/"
    flags = 0x00098800
    fh_old = 0x00000000
    writepage = 0
    direct_io = 0
    keep_cache = 0
    fh = 0x00000000023818d0
    lock_owner = 0x0000000000000000
    fh_old = 0x02378c50
    writepage = 0
    direct_io = 0
    keep_cache = 0
    fh = 0x0000000002378c50
    lock_owner = 0x0000000000000000

bb_readdir(path="/", buf=0x02380f30, filler=0x44fbcb60, offset=0, fi=0x43e01d80)
calling filler with name .
calling filler with name bogus.txt
calling filler with name ..
calling filler with name new_dir
    flags = 0x00000000
    fh_old = 0x023818d0
    writepage = 0
    direct_io = 0
    keep_cache = 0
    fh = 0x00000000023818d0
    lock_owner = 0x0000000000000000

bb_releasedir(path="/", fi=0x43e01d80)
    flags = 0x00000000
    fh_old = 0x023818d0
    writepage = 0
    direct_io = 0
    keep_cache = 0
    fh = 0x00000000023818d0
    lock_owner = 0x0000000000000000

bb_opendir(path="/", fi=0x44602d80)
    bb_fullpath:  rootdir = "/home/sanket/src/fuse-tutorial/example/rootdir", path = "/", fpath = "/home/sanket/src/fuse-tutorial/example/rootdir/"
    flags = 0x00098800
    fh_old = 0x00000000
    writepage = 0
    direct_io = 0
    keep_cache = 0
    fh = 0x0000000002378c50
    lock_owner = 0x0000000000000000

bb_readdir(path="/", buf=0x02380f30, filler=0x44fbcb60, offset=0, fi=0x43600d80)
calling filler with name .
calling filler with name bogus.txt
calling filler with name ..
calling filler with name new_dir
    flags = 0x00000000
    fh_old = 0x02378c50
    writepage = 0
    direct_io = 0
    keep_cache = 0
    fh = 0x0000000002378c50
    lock_owner = 0x0000000000000000

bb_releasedir(path="/", fi=0x43600d80)
    flags = 0x00000000
    fh_old = 0x02378c50
    writepage = 0
    direct_io = 0
    keep_cache = 0
    fh = 0x0000000002378c50
    lock_owner = 0x0000000000000000

bb_opendir(path="/", fi=0x43e01d80)
    bb_fullpath:  rootdir = "/home/sanket/src/fuse-tutorial/example/rootdir", path = "/", fpath = "/home/sanket/src/fuse-tutorial/example/rootdir/"
    flags = 0x00098800
    fh_old = 0x00000000
    writepage = 0
    direct_io = 0
    keep_cache = 0
    fh = 0x00007ffa3c000ad0
    lock_owner = 0x0000000000000000

bb_readdir(path="/", buf=0x3c000940, filler=0x44fbcb60, offset=0, fi=0x44602d80)
calling filler with name .
calling filler with name bogus.txt
calling filler with name ..
calling filler with name new_dir
    flags = 0x00000000
    fh_old = 0x7ffa3c000ad0
    writepage = 0
    direct_io = 0
    keep_cache = 0
    fh = 0x00007ffa3c000ad0
    lock_owner = 0x0000000000000000

bb_releasedir(path="/", fi=0x44602d80)
    flags = 0x00000000
    fh_old = 0x7ffa3c000ad0
    writepage = 0
    direct_io = 0
    keep_cache = 0
    fh = 0x00007ffa3c000ad0
    lock_owner = 0x0000000000000000

bb_opendir(path="/", fi=0x43600d80)
    bb_fullpath:  rootdir = "/home/sanket/src/fuse-tutorial/example/rootdir", path = "/", fpath = "/home/sanket/src/fuse-tutorial/example/rootdir/"
    flags = 0x00098800
    fh_old = 0x00000000
    writepage = 0
    direct_io = 0
    keep_cache = 0
    fh = 0x0000000002378c50
    lock_owner = 0x0000000000000000

bb_readdir(path="/", buf=0x02381040, filler=0x44fbcb60, offset=0, fi=0x43600d80)
calling filler with name .
calling filler with name bogus.txt
calling filler with name ..
calling filler with name new_dir
    flags = 0x00000000
    fh_old = 0x02378c50
    writepage = 0
    direct_io = 0
    keep_cache = 0
    fh = 0x0000000002378c50
    lock_owner = 0x0000000000000000

bb_releasedir(path="/", fi=0x43e01d80)
    flags = 0x00000000
    fh_old = 0x02378c50
    writepage = 0
    direct_io = 0
    keep_cache = 0
    fh = 0x0000000002378c50
    lock_owner = 0x0000000000000000

bb_opendir(path="/", fi=0x43600d80)
    bb_fullpath:  rootdir = "/home/sanket/src/fuse-tutorial/example/rootdir", path = "/", fpath = "/home/sanket/src/fuse-tutorial/example/rootdir/"
    flags = 0x00098800
    fh_old = 0x00000000
    writepage = 0
    direct_io = 0
    keep_cache = 0
    fh = 0x0000000002378c50
    lock_owner = 0x0000000000000000

bb_readdir(path="/", buf=0x023810c0, filler=0x44fbcb60, offset=0, fi=0x44602d80)
calling filler with name .
calling filler with name bogus.txt
calling filler with name ..
calling filler with name new_dir
    flags = 0x00000000
    fh_old = 0x02378c50
    writepage = 0
    direct_io = 0
    keep_cache = 0
    fh = 0x0000000002378c50
    lock_owner = 0x0000000000000000

bb_releasedir(path="/", fi=0x43e01d80)
    flags = 0x00000000
    fh_old = 0x02378c50
    writepage = 0
    direct_io = 0
    keep_cache = 0
    fh = 0x0000000002378c50

bb_opendir(path="/", fi=0x44602d80)
    bb_fullpath:  rootdir = "/home/sanket/src/fuse-tutorial/example/rootdir", path = "/", fpath = "/home/sanket/src/fuse-tutorial/example/rootdir/"
    lock_owner = 0x0000000000000000
    flags = 0x00098800
    fh_old = 0x00000000
    writepage = 0
    direct_io = 0
    keep_cache = 0
    fh = 0x00000000023818d0
    lock_owner = 0x0000000000000000

bb_readdir(path="/", buf=0x02381040, filler=0x44fbcb60, offset=0, fi=0x42dffd80)
calling filler with name .
calling filler with name bogus.txt
calling filler with name ..
calling filler with name new_dir
    flags = 0x00000000
    fh_old = 0x023818d0
    writepage = 0
    direct_io = 0
    keep_cache = 0
    fh = 0x00000000023818d0
    lock_owner = 0x0000000000000000

bb_releasedir(path="/", fi=0x44602d80)
    flags = 0x00000000
    fh_old = 0x023818d0
    writepage = 0
    direct_io = 0
    keep_cache = 0
    fh = 0x00000000023818d0
    lock_owner = 0x0000000000000000

bb_opendir(path="/", fi=0x42dffd80)
    bb_fullpath:  rootdir = "/home/sanket/src/fuse-tutorial/example/rootdir", path = "/", fpath = "/home/sanket/src/fuse-tutorial/example/rootdir/"
    flags = 0x00098800
    fh_old = 0x00000000
    writepage = 0
    direct_io = 0
    keep_cache = 0
    fh = 0x0000000002378c50
    lock_owner = 0x0000000000000000

bb_readdir(path="/", buf=0x02381040, filler=0x44fbcb60, offset=0, fi=0x43600d80)
calling filler with name .
calling filler with name bogus.txt
calling filler with name ..
calling filler with name new_dir
    flags = 0x00000000
    fh_old = 0x02378c50
    writepage = 0
    direct_io = 0
    keep_cache = 0
    fh = 0x0000000002378c50
    lock_owner = 0x0000000000000000

bb_releasedir(path="/", fi=0x43e01d80)
    flags = 0x00000000
    fh_old = 0x02378c50
    writepage = 0
    direct_io = 0
    keep_cache = 0
    fh = 0x0000000002378c50
    lock_owner = 0x0000000000000000

bb_opendir(path="/", fi=0x44602d80)
    bb_fullpath:  rootdir = "/home/sanket/src/fuse-tutorial/example/rootdir", path = "/", fpath = "/home/sanket/src/fuse-tutorial/example/rootdir/"
    flags = 0x00098800
    fh_old = 0x00000000
    writepage = 0
    direct_io = 0
    keep_cache = 0
    fh = 0x0000000002378c50
    lock_owner = 0x0000000000000000

bb_readdir(path="/", buf=0x023810c0, filler=0x44fbcb60, offset=0, fi=0x42dffd80)
calling filler with name .
calling filler with name bogus.txt
calling filler with name ..
calling filler with name new_dir
    flags = 0x00000000
    fh_old = 0x02378c50
    writepage = 0
    direct_io = 0
    keep_cache = 0
    fh = 0x0000000002378c50
    lock_owner = 0x0000000000000000

bb_releasedir(path="/", fi=0x44602d80)
    flags = 0x00000000
    fh_old = 0x02378c50
    writepage = 0
    direct_io = 0
    keep_cache = 0
    fh = 0x0000000002378c50
    lock_owner = 0x0000000000000000

bb_opendir(path="/", fi=0x42dffd80)
    bb_fullpath:  rootdir = "/home/sanket/src/fuse-tutorial/example/rootdir", path = "/", fpath = "/home/sanket/src/fuse-tutorial/example/rootdir/"
    flags = 0x00098800
    fh_old = 0x00000000
    writepage = 0
    direct_io = 0
    keep_cache = 0
    fh = 0x0000000002378c50
    lock_owner = 0x0000000000000000

bb_readdir(path="/", buf=0x023810c0, filler=0x44fbcb60, offset=0, fi=0x43600d80)
calling filler with name .
calling filler with name bogus.txt
calling filler with name ..
calling filler with name new_dir
    flags = 0x00000000
    fh_old = 0x02378c50
    writepage = 0
    direct_io = 0
    keep_cache = 0
    fh = 0x0000000002378c50
    lock_owner = 0x0000000000000000

bb_releasedir(path="/", fi=0x42dffd80)
    flags = 0x00000000
    fh_old = 0x02378c50
    writepage = 0
    direct_io = 0
    keep_cache = 0

bb_opendir(path="/", fi=0x43600d80)
    bb_fullpath:  rootdir = "/home/sanket/src/fuse-tutorial/example/rootdir", path = "/", fpath = "/home/sanket/src/fuse-tutorial/example/rootdir/"
    fh = 0x0000000002378c50
    lock_owner = 0x0000000000000000
    flags = 0x00098800
    fh_old = 0x00000000
    writepage = 0
    direct_io = 0
    keep_cache = 0
    fh = 0x00000000023819e0
    lock_owner = 0x0000000000000000

bb_readdir(path="/", buf=0x02380fd0, filler=0x44fbcb60, offset=0, fi=0x43e01d80)
calling filler with name .
calling filler with name bogus.txt
calling filler with name ..
calling filler with name new_dir
    flags = 0x00000000
    fh_old = 0x023819e0
    writepage = 0
    direct_io = 0
    keep_cache = 0
    fh = 0x00000000023819e0
    lock_owner = 0x0000000000000000

bb_releasedir(path="/", fi=0x43600d80)
    flags = 0x00000000

bb_opendir(path="/", fi=0x43e01d80)
    bb_fullpath:  rootdir = "/home/sanket/src/fuse-tutorial/example/rootdir", path = "/", fpath = "/home/sanket/src/fuse-tutorial/example/rootdir/"
    fh_old = 0x023819e0
    writepage = 0
    direct_io = 0
    keep_cache = 0
    fh = 0x00000000023819e0
    lock_owner = 0x0000000000000000
    flags = 0x00098800
    fh_old = 0x00000000
    writepage = 0
    direct_io = 0
    keep_cache = 0
    fh = 0x00007ffa3c000f70
    lock_owner = 0x0000000000000000

bb_readdir(path="/", buf=0x3c000940, filler=0x44fbcb60, offset=0, fi=0x44602d80)
calling filler with name .
calling filler with name bogus.txt
calling filler with name ..
calling filler with name new_dir
    flags = 0x00000000
    fh_old = 0x7ffa3c000f70
    writepage = 0
    direct_io = 0
    keep_cache = 0
    fh = 0x00007ffa3c000f70
    lock_owner = 0x0000000000000000

bb_releasedir(path="/", fi=0x43e01d80)
    flags = 0x00000000
    fh_old = 0x7ffa3c000f70
    writepage = 0
    direct_io = 0
    keep_cache = 0
    fh = 0x00007ffa3c000f70
    lock_owner = 0x0000000000000000

bb_opendir(path="/", fi=0x44602d80)
    bb_fullpath:  rootdir = "/home/sanket/src/fuse-tutorial/example/rootdir", path = "/", fpath = "/home/sanket/src/fuse-tutorial/example/rootdir/"
    flags = 0x00098800
    fh_old = 0x00000000
    writepage = 0
    direct_io = 0
    keep_cache = 0
    fh = 0x0000000002378c50
    lock_owner = 0x0000000000000000

bb_readdir(path="/", buf=0x02381180, filler=0x44fbcb60, offset=0, fi=0x42dffd80)
calling filler with name .
calling filler with name bogus.txt
calling filler with name ..
calling filler with name new_dir
    flags = 0x00000000
    fh_old = 0x02378c50
    writepage = 0
    direct_io = 0
    keep_cache = 0
    fh = 0x0000000002378c50
    lock_owner = 0x0000000000000000

bb_releasedir(path="/", fi=0x44602d80)
    flags = 0x00000000
    fh_old = 0x02378c50
    writepage = 0
    direct_io = 0
    keep_cache = 0
    fh = 0x0000000002378c50
    lock_owner = 0x0000000000000000

bb_getattr(path="/autorun.inf", statbuf=0x42dffd40)
    bb_fullpath:  rootdir = "/home/sanket/src/fuse-tutorial/example/rootdir", path = "/autorun.inf", fpath = "/home/sanket/src/fuse-tutorial/example/rootdir/autorun.inf"
    ERROR bb_getattr lstat: No such file or directory
    st_dev = 0
    st_ino = 0
    st_mode = 00
    st_nlink = 0
    st_uid = 0
    st_gid = 0
    st_rdev = 0
    st_size = 0
    st_blksize = 0
    st_blocks = 0
    st_atime = 0x00000000
    st_mtime = 0x00000000
    st_ctime = 0x00000000

bb_getattr(path="/", statbuf=0x43600d10)
    bb_fullpath:  rootdir = "/home/sanket/src/fuse-tutorial/example/rootdir", path = "/", fpath = "/home/sanket/src/fuse-tutorial/example/rootdir/"
    st_dev = 2053
    st_ino = 2367684
    st_mode = 040755
    st_nlink = 3
    st_uid = 1000
    st_gid = 1000
    st_rdev = 0
    st_size = 4096
    st_blksize = 4096
    st_blocks = 8
    st_atime = 0x4d6fa25d
    st_mtime = 0x4d6e1f61
    st_ctime = 0x4d6e1f61

bb_getattr(path="/", statbuf=0x43e01d10)
    bb_fullpath:  rootdir = "/home/sanket/src/fuse-tutorial/example/rootdir", path = "/", fpath = "/home/sanket/src/fuse-tutorial/example/rootdir/"
    st_dev = 2053
    st_ino = 2367684
    st_mode = 040755
    st_nlink = 3
    st_uid = 1000
    st_gid = 1000
    st_rdev = 0
    st_size = 4096
    st_blksize = 4096
    st_blocks = 8
    st_atime = 0x4d6fa25d
    st_mtime = 0x4d6e1f61
    st_ctime = 0x4d6e1f61

bb_access(path="/", mask=01)
    bb_fullpath:  rootdir = "/home/sanket/src/fuse-tutorial/example/rootdir", path = "/", fpath = "/home/sanket/src/fuse-tutorial/example/rootdir/"

bb_getattr(path="/", statbuf=0x42dffd10)
    bb_fullpath:  rootdir = "/home/sanket/src/fuse-tutorial/example/rootdir", path = "/", fpath = "/home/sanket/src/fuse-tutorial/example/rootdir/"
    st_dev = 2053
    st_ino = 2367684
    st_mode = 040755
    st_nlink = 3
    st_uid = 1000
    st_gid = 1000
    st_rdev = 0
    st_size = 4096
    st_blksize = 4096
    st_blocks = 8
    st_atime = 0x4d6fa25d
    st_mtime = 0x4d6e1f61
    st_ctime = 0x4d6e1f61

bb_getattr(path="/", statbuf=0x43600d10)
    bb_fullpath:  rootdir = "/home/sanket/src/fuse-tutorial/example/rootdir", path = "/", fpath = "/home/sanket/src/fuse-tutorial/example/rootdir/"
    st_dev = 2053
    st_ino = 2367684
    st_mode = 040755
    st_nlink = 3
    st_uid = 1000
    st_gid = 1000
    st_rdev = 0
    st_size = 4096
    st_blksize = 4096
    st_blocks = 8
    st_atime = 0x4d6fa25d
    st_mtime = 0x4d6e1f61
    st_ctime = 0x4d6e1f61

bb_getattr(path="/test.c", statbuf=0x43e01d40)
    bb_fullpath:  rootdir = "/home/sanket/src/fuse-tutorial/example/rootdir", path = "/test.c", fpath = "/home/sanket/src/fuse-tutorial/example/rootdir/test.c"
    ERROR bb_getattr lstat: No such file or directory
    st_dev = 0
    st_ino = 0
    st_mode = 00
    st_nlink = 0
    st_uid = 0
    st_gid = 0
    st_rdev = 0
    st_size = 0
    st_blksize = 0
    st_blocks = 0
    st_atime = 0x00000000
    st_mtime = 0x00000000
    st_ctime = 0x00000000

bb_getattr(path="/test.c", statbuf=0x44602d40)
    bb_fullpath:  rootdir = "/home/sanket/src/fuse-tutorial/example/rootdir", path = "/test.c", fpath = "/home/sanket/src/fuse-tutorial/example/rootdir/test.c"
    ERROR bb_getattr lstat: No such file or directory
    st_dev = 0
    st_ino = 0
    st_mode = 00
    st_nlink = 0
    st_uid = 0
    st_gid = 0
    st_rdev = 0
    st_size = 0
    st_blksize = 0
    st_blocks = 0
    st_atime = 0x00000000
    st_mtime = 0x00000000
    st_ctime = 0x00000000

bb_create(path="/test.c", mode=0100644, fi=0x42dffe40)
    bb_fullpath:  rootdir = "/home/sanket/src/fuse-tutorial/example/rootdir", path = "/test.c", fpath = "/home/sanket/src/fuse-tutorial/example/rootdir/test.c"
    flags = 0x000080c1
    fh_old = 0x00000000
    writepage = 0
    direct_io = 0
    keep_cache = 0
    fh = 0x0000000000000005
    lock_owner = 0x0000000000000000

bb_fgetattr(path="/test.c", statbuf=0x42dffd00, fi=0x42dffe40)
    flags = 0x000080c1
    fh_old = 0x00000000
    writepage = 0
    direct_io = 0
    keep_cache = 0
    fh = 0x0000000000000005
    lock_owner = 0x0000000000000000
    st_dev = 2053
    st_ino = 2364003
    st_mode = 0100644
    st_nlink = 1
    st_uid = 1000
    st_gid = 1000
    st_rdev = 0
    st_size = 0
    st_blksize = 4096
    st_blocks = 0
    st_atime = 0x4d6fa2a3
    st_mtime = 0x4d6fa2a3
    st_ctime = 0x4d6fa2a3

bb_getxattr(path = "/test.c", name = "security.capability", value = 0x00000000, size = 0)
    bb_fullpath:  rootdir = "/home/sanket/src/fuse-tutorial/example/rootdir", path = "/test.c", fpath = "/home/sanket/src/fuse-tutorial/example/rootdir/test.c"
    ERROR bb_getxattr lgetxattr: No data available

bb_write(path="/test.c", buf=0x453a1060, size=123, offset=0, fi=0x43e01e40)
    flags = 0x00008001
    fh_old = 0x00000005
    writepage = 0
    direct_io = 0
    keep_cache = 0
    fh = 0x0000000000000005
    lock_owner = 0x0000000000000000

bb_flush(path="/test.c", fi=0x44602e40)
    flags = 0x00000000
    fh_old = 0x00000005
    writepage = 0
    direct_io = 0
    keep_cache = 0
    fh = 0x0000000000000005
    lock_owner = 0x7e43a08bd3593ffa

bb_release(path="/test.c", fi=0x42dffe40)
    flags = 0x00008001
    fh_old = 0x00000005
    writepage = 0
    direct_io = 0
    keep_cache = 0
    fh = 0x0000000000000005
    lock_owner = 0x0000000000000000

bb_getattr(path="/", statbuf=0x43600d10)
    bb_fullpath:  rootdir = "/home/sanket/src/fuse-tutorial/example/rootdir", path = "/", fpath = "/home/sanket/src/fuse-tutorial/example/rootdir/"
    st_dev = 2053
    st_ino = 2367684
    st_mode = 040755
    st_nlink = 3
    st_uid = 1000
    st_gid = 1000
    st_rdev = 0
    st_size = 4096
    st_blksize = 4096
    st_blocks = 8
    st_atime = 0x4d6fa25d
    st_mtime = 0x4d6fa2a3
    st_ctime = 0x4d6fa2a3

bb_destroy(userdata=0x02340010)
